<?xml version="1.0" encoding="UTF-8"?>
<!-- Generated by org.testng.reporters.JUnitReportReporter -->
<testsuite hostname="Thoushika" failures="1" tests="8" name="com.Runner.Runner" time="522.701" errors="0" timestamp="2025-04-25T10:26:11 IST" skipped="0">
  <testcase classname="com.Runner.Runner" name="runScenario" time="63.941"/>
  <testcase classname="com.Runner.Runner" name="runScenario" time="63.856"/>
  <testcase classname="com.Runner.Runner" name="runScenario" time="63.338"/>
  <testcase classname="com.Runner.Runner" name="runScenario" time="63.682"/>
  <testcase classname="com.Runner.Runner" name="runScenario" time="63.916"/>
  <testcase classname="com.Runner.Runner" name="runScenario" time="65.124">
    <failure message="Job Title does not match expected [HR Manager] but found []" type="java.lang.AssertionError">
      <![CDATA[java.lang.AssertionError: Job Title does not match expected [HR Manager] but found []
at org.testng.Assert.fail(Assert.java:111)
at org.testng.Assert.failNotEquals(Assert.java:1590)
at org.testng.Assert.assertEqualsImpl(Assert.java:150)
at org.testng.Assert.assertEquals(Assert.java:132)
at org.testng.Assert.assertEquals(Assert.java:656)
at com.Actions.PerformanceActions2.verifyCredentials(PerformanceActions2.java:43)
at com.Definations.PerformanceDefinitions2.verify_the_following_credentials(PerformanceDefinitions2.java:181)
at ✽.verify the following credentials(file:///C:/Users/thous/git/OrangeHRM_CucumberPro/Cucumber_!/src/test/resources/com/features/Performance2.feature:12)
]]>
    </failure>
  </testcase> <!-- runScenario -->
  <testcase classname="com.Runner.Runner" name="runScenario" time="74.863"/>
  <testcase classname="com.Runner.Runner" name="runScenario" time="63.981"/>
</testsuite> <!-- com.Runner.Runner -->
