<?xml version="1.0" encoding="UTF-8"?>
<!-- Generated by org.testng.reporters.JUnitReportReporter -->
<testsuite hostname="Sevvelkarans-MacBook-Air.local" failures="1" tests="56" name="com.Runner.Runner" time="1155.177" errors="0" timestamp="2025-04-16T15:02:17 IST" skipped="0">
  <testcase classname="com.Runner.Runner" name="runScenario" time="23.205"/>
  <testcase classname="com.Runner.Runner" name="runScenario" time="16.475"/>
  <testcase classname="com.Runner.Runner" name="runScenario" time="10.528"/>
  <testcase classname="com.Runner.Runner" name="runScenario" time="31.932"/>
  <testcase classname="com.Runner.Runner" name="runScenario" time="23.528"/>
  <testcase classname="com.Runner.Runner" name="runScenario" time="22.924"/>
  <testcase classname="com.Runner.Runner" name="runScenario" time="19.623"/>
  <testcase classname="com.Runner.Runner" name="runScenario" time="40.443"/>
  <testcase classname="com.Runner.Runner" name="runScenario" time="23.203"/>
  <testcase classname="com.Runner.Runner" name="runScenario" time="21.314"/>
  <testcase classname="com.Runner.Runner" name="runScenario" time="14.962"/>
  <testcase classname="com.Runner.Runner" name="runScenario" time="15.557"/>
  <testcase classname="com.Runner.Runner" name="runScenario" time="17.968"/>
  <testcase classname="com.Runner.Runner" name="runScenario" time="12.384"/>
  <testcase classname="com.Runner.Runner" name="runScenario" time="12.454"/>
  <testcase classname="com.Runner.Runner" name="runScenario" time="20.216"/>
  <testcase classname="com.Runner.Runner" name="runScenario" time="18.036"/>
  <testcase classname="com.Runner.Runner" name="runScenario" time="18.381"/>
  <testcase classname="com.Runner.Runner" name="runScenario" time="25.763"/>
  <testcase classname="com.Runner.Runner" name="runScenario" time="12.322"/>
  <testcase classname="com.Runner.Runner" name="runScenario" time="20.247"/>
  <testcase classname="com.Runner.Runner" name="runScenario" time="23.070"/>
  <testcase classname="com.Runner.Runner" name="runScenario" time="28.782"/>
  <testcase classname="com.Runner.Runner" name="runScenario" time="26.019"/>
  <testcase classname="com.Runner.Runner" name="runScenario" time="19.855"/>
  <testcase classname="com.Runner.Runner" name="runScenario" time="17.555"/>
  <testcase classname="com.Runner.Runner" name="runScenario" time="23.794"/>
  <testcase classname="com.Runner.Runner" name="runScenario" time="11.332"/>
  <testcase classname="com.Runner.Runner" name="runScenario" time="25.104"/>
  <testcase classname="com.Runner.Runner" name="runScenario" time="27.738"/>
  <testcase classname="com.Runner.Runner" name="runScenario" time="22.841"/>
  <testcase classname="com.Runner.Runner" name="runScenario" time="14.945">
    <failure message="Review Status does not match expected [Activated] but found [In Progress]" type="java.lang.AssertionError">
      <![CDATA[java.lang.AssertionError: Review Status does not match expected [Activated] but found [In Progress]
at org.testng.Assert.fail(Assert.java:111)
at org.testng.Assert.failNotEquals(Assert.java:1590)
at org.testng.Assert.assertEqualsImpl(Assert.java:150)
at org.testng.Assert.assertEquals(Assert.java:132)
at org.testng.Assert.assertEquals(Assert.java:656)
at com.Actions.PerformanceActions2.verifyCredentials(PerformanceActions2.java:44)
at com.Definations.PerformanceDefinitions2.verify_the_following_credentials(PerformanceDefinitions2.java:44)
at ✽.verify the following credentials(file:///Users/sevvelkaranpalanivetrivel/git/OrangeHRM_Cucumber4/Cucumber_!/src/test/resources/com/features/Performance2.feature:13)
]]>
    </failure>
  </testcase> <!-- runScenario -->
  <testcase classname="com.Runner.Runner" name="runScenario" time="26.107"/>
  <testcase classname="com.Runner.Runner" name="runScenario" time="11.975"/>
  <testcase classname="com.Runner.Runner" name="runScenario" time="19.212"/>
  <testcase classname="com.Runner.Runner" name="runScenario" time="25.401"/>
  <testcase classname="com.Runner.Runner" name="runScenario" time="14.746"/>
  <testcase classname="com.Runner.Runner" name="runScenario" time="26.101"/>
  <testcase classname="com.Runner.Runner" name="runScenario" time="28.545"/>
  <testcase classname="com.Runner.Runner" name="runScenario" time="16.366"/>
  <testcase classname="com.Runner.Runner" name="runScenario" time="12.124"/>
  <testcase classname="com.Runner.Runner" name="runScenario" time="28.771"/>
  <testcase classname="com.Runner.Runner" name="runScenario" time="18.340"/>
  <testcase classname="com.Runner.Runner" name="runScenario" time="20.011"/>
  <testcase classname="com.Runner.Runner" name="runScenario" time="23.590"/>
  <testcase classname="com.Runner.Runner" name="runScenario" time="20.393"/>
  <testcase classname="com.Runner.Runner" name="runScenario" time="22.723"/>
  <testcase classname="com.Runner.Runner" name="runScenario" time="24.710"/>
  <testcase classname="com.Runner.Runner" name="runScenario" time="28.567"/>
  <testcase classname="com.Runner.Runner" name="runScenario" time="12.986"/>
  <testcase classname="com.Runner.Runner" name="runScenario" time="15.127"/>
  <testcase classname="com.Runner.Runner" name="runScenario" time="16.083"/>
  <testcase classname="com.Runner.Runner" name="runScenario" time="19.932"/>
  <testcase classname="com.Runner.Runner" name="runScenario" time="17.308"/>
  <testcase classname="com.Runner.Runner" name="runScenario" time="26.316"/>
  <testcase classname="com.Runner.Runner" name="runScenario" time="17.243"/>
</testsuite> <!-- com.Runner.Runner -->
