<?xml version="1.0" encoding="UTF-8"?>
<!-- Generated by org.testng.reporters.JUnitXMLReporter -->
<testsuite ignored="0" hostname="Thoushika" failures="1" tests="1" name="Default test" time="18.93" errors="0" timestamp="2025-04-25T06:56:44 IST">
  <testcase classname="io.cucumber.testng.AbstractTestNGCucumberTests" name="runScenario" time="18.439">
    <failure type="java.lang.AssertionError" message="expected [Required] but found [Invalid]">
      <![CDATA[java.lang.AssertionError: expected [Required] but found [Invalid]
at org.testng.Assert.fail(Assert.java:111)
at org.testng.Assert.failNotEquals(Assert.java:1590)
at org.testng.Assert.assertEqualsImpl(Assert.java:150)
at org.testng.Assert.assertEquals(Assert.java:132)
at org.testng.Assert.assertEquals(Assert.java:656)
at org.testng.Assert.assertEquals(Assert.java:666)
at com.Actions.PerformanceActions.VerifyErrorMessage(PerformanceActions.java:79)
at com.Definations.PerformanceDefinition.the_system_should_display_an_error_message_indicating_employee_name(PerformanceDefinition.java:288)
at ✽.The system should display an error message indicating "Required"(file:///C:/Users/thous/git/OrangeHRM_CucumberPro/Cucumber_!/src/test/resources/com/features/Performance.feature:32)
]]>
    </failure>
  </testcase> <!-- runScenario -->
</testsuite> <!-- Default test -->
