<?xml version="1.0" encoding="UTF-8"?>
<testng-results ignored="0" total="2" passed="2" failed="0" skipped="0">
  <reporter-output>
  </reporter-output>
  <suite started-at="2025-04-16T14:26:44 IST" name="Default suite" finished-at="2025-04-16T14:27:36 IST" duration-ms="52126">
    <groups>
      <group name="cucumber">
        <method signature="AbstractTestNGCucumberTests.runScenario(io.cucumber.testng.PickleWrapper,io.cucumber.testng.FeatureWrapper)[pri:0, instance:com.Runner.Runner@b2c9a9c]" name="runScenario" class="io.cucumber.testng.AbstractTestNGCucumberTests"/>
      </group> <!-- cucumber -->
    </groups>
    <test started-at="2025-04-16T14:26:44 IST" name="Default test" finished-at="2025-04-16T14:27:36 IST" duration-ms="52126">
      <class name="com.Runner.Runner">
        <test-method is-config="true" signature="setUpClass(org.testng.ITestContext)[pri:0, instance:com.Runner.Runner@b2c9a9c]" started-at="2025-04-16T14:26:44 IST" name="setUpClass" finished-at="2025-04-16T14:26:45 IST" duration-ms="468" status="PASS">
          <params>
            <param index="0">
              <value>
                <![CDATA[org.testng.TestRunner@27329d2a]]>
              </value>
            </param>
          </params>
          <reporter-output>
          </reporter-output>
        </test-method> <!-- setUpClass -->
        <test-method signature="runScenario(io.cucumber.testng.PickleWrapper,io.cucumber.testng.FeatureWrapper)[pri:0, instance:com.Runner.Runner@b2c9a9c]" started-at="2025-04-16T14:26:45 IST" name="runScenario" description="Runs Cucumber Scenarios" data-provider="scenarios" finished-at="2025-04-16T14:27:12 IST" duration-ms="27139" status="PASS">
          <params>
            <param index="0">
              <value>
                <![CDATA["Create a new timesheet for a valid employee"]]>
              </value>
            </param>
            <param index="1">
              <value>
                <![CDATA["Manage Timesheets in OrangeHRM"]]>
              </value>
            </param>
          </params>
          <reporter-output>
          </reporter-output>
        </test-method> <!-- runScenario -->
        <test-method signature="runScenario(io.cucumber.testng.PickleWrapper,io.cucumber.testng.FeatureWrapper)[pri:0, instance:com.Runner.Runner@b2c9a9c]" started-at="2025-04-16T14:27:12 IST" name="runScenario" description="Runs Cucumber Scenarios" data-provider="scenarios" finished-at="2025-04-16T14:27:36 IST" duration-ms="23746" status="PASS">
          <params>
            <param index="0">
              <value>
                <![CDATA["Display error message for an invalid employee"]]>
              </value>
            </param>
            <param index="1">
              <value>
                <![CDATA["Manage Timesheets in OrangeHRM"]]>
              </value>
            </param>
          </params>
          <reporter-output>
          </reporter-output>
        </test-method> <!-- runScenario -->
        <test-method is-config="true" signature="tearDownClass()[pri:0, instance:com.Runner.Runner@b2c9a9c]" started-at="2025-04-16T14:27:36 IST" name="tearDownClass" finished-at="2025-04-16T14:27:36 IST" duration-ms="689" status="PASS">
          <reporter-output>
          </reporter-output>
        </test-method> <!-- tearDownClass -->
      </class> <!-- com.Runner.Runner -->
    </test> <!-- Default test -->
  </suite> <!-- Default suite -->
</testng-results>
