<?xml version="1.0" encoding="UTF-8"?>
<testng-results ignored="0" total="8" passed="8" failed="0" skipped="0">
  <reporter-output>
  </reporter-output>
  <suite started-at="2025-04-17T09:46:58 IST" name="Default suite" finished-at="2025-04-17T09:49:35 IST" duration-ms="157580">
    <groups>
      <group name="cucumber">
        <method signature="AbstractTestNGCucumberTests.runScenario(io.cucumber.testng.PickleWrapper,io.cucumber.testng.FeatureWrapper)[pri:0, instance:com.Runner.Runner@17f7cd29]" name="runScenario" class="io.cucumber.testng.AbstractTestNGCucumberTests"/>
      </group> <!-- cucumber -->
    </groups>
    <test started-at="2025-04-17T09:46:58 IST" name="Default test" finished-at="2025-04-17T09:49:35 IST" duration-ms="157580">
      <class name="com.Runner.Runner">
        <test-method is-config="true" signature="setUpClass(org.testng.ITestContext)[pri:0, instance:com.Runner.Runner@17f7cd29]" started-at="2025-04-17T09:46:58 IST" name="setUpClass" finished-at="2025-04-17T09:46:58 IST" duration-ms="236" status="PASS">
          <params>
            <param index="0">
              <value>
                <![CDATA[org.testng.TestRunner@53ed80d3]]>
              </value>
            </param>
          </params>
          <reporter-output>
          </reporter-output>
        </test-method> <!-- setUpClass -->
        <test-method signature="runScenario(io.cucumber.testng.PickleWrapper,io.cucumber.testng.FeatureWrapper)[pri:0, instance:com.Runner.Runner@17f7cd29]" started-at="2025-04-17T09:46:58 IST" name="runScenario" description="Runs Cucumber Scenarios" data-provider="scenarios" finished-at="2025-04-17T09:47:21 IST" duration-ms="23362" status="PASS">
          <params>
            <param index="0">
              <value>
                <![CDATA["Logging in with valid credentials"]]>
              </value>
            </param>
            <param index="1">
              <value>
                <![CDATA["Login"]]>
              </value>
            </param>
          </params>
          <reporter-output>
          </reporter-output>
        </test-method> <!-- runScenario -->
        <test-method signature="runScenario(io.cucumber.testng.PickleWrapper,io.cucumber.testng.FeatureWrapper)[pri:0, instance:com.Runner.Runner@17f7cd29]" started-at="2025-04-17T09:47:21 IST" name="runScenario" description="Runs Cucumber Scenarios" data-provider="scenarios" finished-at="2025-04-17T09:47:38 IST" duration-ms="16463" status="PASS">
          <params>
            <param index="0">
              <value>
                <![CDATA["Logging in with invalid credentials"]]>
              </value>
            </param>
            <param index="1">
              <value>
                <![CDATA["Login"]]>
              </value>
            </param>
          </params>
          <reporter-output>
          </reporter-output>
        </test-method> <!-- runScenario -->
        <test-method signature="runScenario(io.cucumber.testng.PickleWrapper,io.cucumber.testng.FeatureWrapper)[pri:0, instance:com.Runner.Runner@17f7cd29]" started-at="2025-04-17T09:47:38 IST" name="runScenario" description="Runs Cucumber Scenarios" data-provider="scenarios" finished-at="2025-04-17T09:47:47 IST" duration-ms="9146" status="PASS">
          <params>
            <param index="0">
              <value>
                <![CDATA["Logging in with empty credentials"]]>
              </value>
            </param>
            <param index="1">
              <value>
                <![CDATA["Login"]]>
              </value>
            </param>
          </params>
          <reporter-output>
          </reporter-output>
        </test-method> <!-- runScenario -->
        <test-method signature="runScenario(io.cucumber.testng.PickleWrapper,io.cucumber.testng.FeatureWrapper)[pri:0, instance:com.Runner.Runner@17f7cd29]" started-at="2025-04-17T09:47:47 IST" name="runScenario" description="Runs Cucumber Scenarios" data-provider="scenarios" finished-at="2025-04-17T09:48:10 IST" duration-ms="23130" status="PASS">
          <params>
            <param index="0">
              <value>
                <![CDATA["Forgot Password functionality"]]>
              </value>
            </param>
            <param index="1">
              <value>
                <![CDATA["Login"]]>
              </value>
            </param>
          </params>
          <reporter-output>
          </reporter-output>
        </test-method> <!-- runScenario -->
        <test-method signature="runScenario(io.cucumber.testng.PickleWrapper,io.cucumber.testng.FeatureWrapper)[pri:0, instance:com.Runner.Runner@17f7cd29]" started-at="2025-04-17T09:48:10 IST" name="runScenario" description="Runs Cucumber Scenarios" data-provider="scenarios" finished-at="2025-04-17T09:48:36 IST" duration-ms="25517" status="PASS">
          <params>
            <param index="0">
              <value>
                <![CDATA["Submit a new claim"]]>
              </value>
            </param>
            <param index="1">
              <value>
                <![CDATA["Claim feature"]]>
              </value>
            </param>
          </params>
          <reporter-output>
          </reporter-output>
        </test-method> <!-- runScenario -->
        <test-method signature="runScenario(io.cucumber.testng.PickleWrapper,io.cucumber.testng.FeatureWrapper)[pri:0, instance:com.Runner.Runner@17f7cd29]" started-at="2025-04-17T09:48:36 IST" name="runScenario" description="Runs Cucumber Scenarios" data-provider="scenarios" finished-at="2025-04-17T09:48:53 IST" duration-ms="16891" status="PASS">
          <params>
            <param index="0">
              <value>
                <![CDATA["Assign claim and validate expense"]]>
              </value>
            </param>
            <param index="1">
              <value>
                <![CDATA["Claim feature"]]>
              </value>
            </param>
          </params>
          <reporter-output>
          </reporter-output>
        </test-method> <!-- runScenario -->
        <test-method signature="runScenario(io.cucumber.testng.PickleWrapper,io.cucumber.testng.FeatureWrapper)[pri:0, instance:com.Runner.Runner@17f7cd29]" started-at="2025-04-17T09:48:53 IST" name="runScenario" description="Runs Cucumber Scenarios" data-provider="scenarios" finished-at="2025-04-17T09:49:19 IST" duration-ms="26710" status="PASS">
          <params>
            <param index="0">
              <value>
                <![CDATA["Create a new timesheet for a valid employee"]]>
              </value>
            </param>
            <param index="1">
              <value>
                <![CDATA["Manage Timesheets in OrangeHRM"]]>
              </value>
            </param>
          </params>
          <reporter-output>
          </reporter-output>
        </test-method> <!-- runScenario -->
        <test-method signature="runScenario(io.cucumber.testng.PickleWrapper,io.cucumber.testng.FeatureWrapper)[pri:0, instance:com.Runner.Runner@17f7cd29]" started-at="2025-04-17T09:49:19 IST" name="runScenario" description="Runs Cucumber Scenarios" data-provider="scenarios" finished-at="2025-04-17T09:49:34 IST" duration-ms="14853" status="PASS">
          <params>
            <param index="0">
              <value>
                <![CDATA["Display error message for an invalid employee"]]>
              </value>
            </param>
            <param index="1">
              <value>
                <![CDATA["Manage Timesheets in OrangeHRM"]]>
              </value>
            </param>
          </params>
          <reporter-output>
          </reporter-output>
        </test-method> <!-- runScenario -->
        <test-method is-config="true" signature="tearDownClass()[pri:0, instance:com.Runner.Runner@17f7cd29]" started-at="2025-04-17T09:49:34 IST" name="tearDownClass" finished-at="2025-04-17T09:49:35 IST" duration-ms="1188" status="PASS">
          <reporter-output>
          </reporter-output>
        </test-method> <!-- tearDownClass -->
      </class> <!-- com.Runner.Runner -->
    </test> <!-- Default test -->
  </suite> <!-- Default suite -->
</testng-results>
