<?xml version="1.0" encoding="UTF-8"?>
<testng-results ignored="0" total="1" passed="1" failed="0" skipped="0">
  <reporter-output>
  </reporter-output>
  <suite started-at="2025-05-26T12:44:53 IST" name="Default suite" finished-at="2025-05-26T12:45:22 IST" duration-ms="29196">
    <groups>
      <group name="cucumber">
        <method signature="AbstractTestNGCucumberTests.runScenario(io.cucumber.testng.PickleWrapper,io.cucumber.testng.FeatureWrapper)[pri:0, instance:com.Runner.Runner@510f3d34]" name="runScenario" class="io.cucumber.testng.AbstractTestNGCucumberTests"/>
      </group> <!-- cucumber -->
    </groups>
    <test started-at="2025-05-26T12:44:53 IST" name="Default test" finished-at="2025-05-26T12:45:22 IST" duration-ms="29196">
      <class name="com.Runner.Runner">
        <test-method is-config="true" signature="setUpClass(org.testng.ITestContext)[pri:0, instance:com.Runner.Runner@510f3d34]" started-at="2025-05-26T12:44:53 IST" name="setUpClass" finished-at="2025-05-26T12:44:53 IST" duration-ms="326" status="PASS">
          <params>
            <param index="0">
              <value>
                <![CDATA[org.testng.TestRunner@64337702]]>
              </value>
            </param>
          </params>
          <reporter-output>
          </reporter-output>
        </test-method> <!-- setUpClass -->
        <test-method signature="runScenario(io.cucumber.testng.PickleWrapper,io.cucumber.testng.FeatureWrapper)[pri:0, instance:com.Runner.Runner@510f3d34]" started-at="2025-05-26T12:44:53 IST" name="runScenario" description="Runs Cucumber Scenarios" data-provider="scenarios" finished-at="2025-05-26T12:45:22 IST" duration-ms="28347" status="PASS">
          <params>
            <param index="0">
              <value>
                <![CDATA["Add new candidates"]]>
              </value>
            </param>
            <param index="1">
              <value>
                <![CDATA["Karan_05MAY2025_OrangeHRM_RECUIRTMENT"]]>
              </value>
            </param>
          </params>
          <reporter-output>
          </reporter-output>
        </test-method> <!-- runScenario -->
        <test-method is-config="true" signature="tearDownClass()[pri:0, instance:com.Runner.Runner@510f3d34]" started-at="2025-05-26T12:45:22 IST" name="tearDownClass" finished-at="2025-05-26T12:45:22 IST" duration-ms="448" status="PASS">
          <reporter-output>
          </reporter-output>
        </test-method> <!-- tearDownClass -->
      </class> <!-- com.Runner.Runner -->
    </test> <!-- Default test -->
  </suite> <!-- Default suite -->
</testng-results>
