<?xml version="1.0" encoding="UTF-8"?>
<testng-results ignored="0" total="56" passed="55" failed="1" skipped="0">
  <reporter-output>
  </reporter-output>
  <suite started-at="2025-04-16T14:43:00 IST" name="Default suite" finished-at="2025-04-16T15:02:16 IST" duration-ms="1156201">
    <groups>
      <group name="cucumber">
        <method signature="AbstractTestNGCucumberTests.runScenario(io.cucumber.testng.PickleWrapper,io.cucumber.testng.FeatureWrapper)[pri:0, instance:com.Runner.Runner@510f3d34]" name="runScenario" class="io.cucumber.testng.AbstractTestNGCucumberTests"/>
      </group> <!-- cucumber -->
    </groups>
    <test started-at="2025-04-16T14:43:00 IST" name="Default test" finished-at="2025-04-16T15:02:16 IST" duration-ms="1156201">
      <class name="com.Runner.Runner">
        <test-method is-config="true" signature="setUpClass(org.testng.ITestContext)[pri:0, instance:com.Runner.Runner@510f3d34]" started-at="2025-04-16T14:43:00 IST" name="setUpClass" finished-at="2025-04-16T14:43:01 IST" duration-ms="362" status="PASS">
          <params>
            <param index="0">
              <value>
                <![CDATA[org.testng.TestRunner@40d73518]]>
              </value>
            </param>
          </params>
          <reporter-output>
          </reporter-output>
        </test-method> <!-- setUpClass -->
        <test-method signature="runScenario(io.cucumber.testng.PickleWrapper,io.cucumber.testng.FeatureWrapper)[pri:0, instance:com.Runner.Runner@510f3d34]" started-at="2025-04-16T14:43:01 IST" name="runScenario" description="Runs Cucumber Scenarios" data-provider="scenarios" finished-at="2025-04-16T14:43:16 IST" duration-ms="14962" status="PASS">
          <params>
            <param index="0">
              <value>
                <![CDATA["Logging in with valid credentials"]]>
              </value>
            </param>
            <param index="1">
              <value>
                <![CDATA["Login"]]>
              </value>
            </param>
          </params>
          <reporter-output>
          </reporter-output>
        </test-method> <!-- runScenario -->
        <test-method signature="runScenario(io.cucumber.testng.PickleWrapper,io.cucumber.testng.FeatureWrapper)[pri:0, instance:com.Runner.Runner@510f3d34]" started-at="2025-04-16T14:43:16 IST" name="runScenario" description="Runs Cucumber Scenarios" data-provider="scenarios" finished-at="2025-04-16T14:43:27 IST" duration-ms="11332" status="PASS">
          <params>
            <param index="0">
              <value>
                <![CDATA["Logging in with invalid credentials"]]>
              </value>
            </param>
            <param index="1">
              <value>
                <![CDATA["Login"]]>
              </value>
            </param>
          </params>
          <reporter-output>
          </reporter-output>
        </test-method> <!-- runScenario -->
        <test-method signature="runScenario(io.cucumber.testng.PickleWrapper,io.cucumber.testng.FeatureWrapper)[pri:0, instance:com.Runner.Runner@510f3d34]" started-at="2025-04-16T14:43:27 IST" name="runScenario" description="Runs Cucumber Scenarios" data-provider="scenarios" finished-at="2025-04-16T14:43:37 IST" duration-ms="10528" status="PASS">
          <params>
            <param index="0">
              <value>
                <![CDATA["Logging in with empty credentials"]]>
              </value>
            </param>
            <param index="1">
              <value>
                <![CDATA["Login"]]>
              </value>
            </param>
          </params>
          <reporter-output>
          </reporter-output>
        </test-method> <!-- runScenario -->
        <test-method signature="runScenario(io.cucumber.testng.PickleWrapper,io.cucumber.testng.FeatureWrapper)[pri:0, instance:com.Runner.Runner@510f3d34]" started-at="2025-04-16T14:43:37 IST" name="runScenario" description="Runs Cucumber Scenarios" data-provider="scenarios" finished-at="2025-04-16T14:43:50 IST" duration-ms="12986" status="PASS">
          <params>
            <param index="0">
              <value>
                <![CDATA["Forgot Password functionality"]]>
              </value>
            </param>
            <param index="1">
              <value>
                <![CDATA["Login"]]>
              </value>
            </param>
          </params>
          <reporter-output>
          </reporter-output>
        </test-method> <!-- runScenario -->
        <test-method signature="runScenario(io.cucumber.testng.PickleWrapper,io.cucumber.testng.FeatureWrapper)[pri:0, instance:com.Runner.Runner@510f3d34]" started-at="2025-04-16T14:43:50 IST" name="runScenario" description="Runs Cucumber Scenarios" data-provider="scenarios" finished-at="2025-04-16T14:44:13 IST" duration-ms="23070" status="PASS">
          <params>
            <param index="0">
              <value>
                <![CDATA["Adding Education Details in Education field in Qualifications"]]>
              </value>
            </param>
            <param index="1">
              <value>
                <![CDATA["Adding Education Details in Admin Qualifications"]]>
              </value>
            </param>
          </params>
          <reporter-output>
          </reporter-output>
        </test-method> <!-- runScenario -->
        <test-method signature="runScenario(io.cucumber.testng.PickleWrapper,io.cucumber.testng.FeatureWrapper)[pri:0, instance:com.Runner.Runner@510f3d34]" started-at="2025-04-16T14:44:13 IST" name="runScenario" description="Runs Cucumber Scenarios" data-provider="scenarios" finished-at="2025-04-16T14:44:33 IST" duration-ms="19623" status="PASS">
          <params>
            <param index="0">
              <value>
                <![CDATA["Adding an already existing Education Detail should show an error"]]>
              </value>
            </param>
            <param index="1">
              <value>
                <![CDATA["Adding Education Details in Admin Qualifications"]]>
              </value>
            </param>
          </params>
          <reporter-output>
          </reporter-output>
        </test-method> <!-- runScenario -->
        <test-method signature="runScenario(io.cucumber.testng.PickleWrapper,io.cucumber.testng.FeatureWrapper)[pri:0, instance:com.Runner.Runner@510f3d34]" started-at="2025-04-16T14:44:33 IST" name="runScenario" description="Runs Cucumber Scenarios" data-provider="scenarios" finished-at="2025-04-16T14:44:51 IST" duration-ms="17555" status="PASS">
          <params>
            <param index="0">
              <value>
                <![CDATA["Providing an empty value in Education field in Qualifications"]]>
              </value>
            </param>
            <param index="1">
              <value>
                <![CDATA["Adding Education Details in Admin Qualifications"]]>
              </value>
            </param>
          </params>
          <reporter-output>
          </reporter-output>
        </test-method> <!-- runScenario -->
        <test-method signature="runScenario(io.cucumber.testng.PickleWrapper,io.cucumber.testng.FeatureWrapper)[pri:0, instance:com.Runner.Runner@510f3d34]" started-at="2025-04-16T14:44:51 IST" name="runScenario" description="Runs Cucumber Scenarios" data-provider="scenarios" finished-at="2025-04-16T14:45:12 IST" duration-ms="21314" status="PASS">
          <params>
            <param index="0">
              <value>
                <![CDATA["Adding Membership Details in Education field in Qualifications"]]>
              </value>
            </param>
            <param index="1">
              <value>
                <![CDATA["Adding Education Details in Admin Qualifications"]]>
              </value>
            </param>
          </params>
          <reporter-output>
          </reporter-output>
        </test-method> <!-- runScenario -->
        <test-method signature="runScenario(io.cucumber.testng.PickleWrapper,io.cucumber.testng.FeatureWrapper)[pri:0, instance:com.Runner.Runner@510f3d34]" started-at="2025-04-16T14:45:12 IST" name="runScenario" description="Runs Cucumber Scenarios" data-provider="scenarios" finished-at="2025-04-16T14:45:32 IST" duration-ms="20247" status="PASS">
          <params>
            <param index="0">
              <value>
                <![CDATA["Adding an already existing Memberships Detail should show an error"]]>
              </value>
            </param>
            <param index="1">
              <value>
                <![CDATA["Adding Education Details in Admin Qualifications"]]>
              </value>
            </param>
          </params>
          <reporter-output>
          </reporter-output>
        </test-method> <!-- runScenario -->
        <test-method signature="runScenario(io.cucumber.testng.PickleWrapper,io.cucumber.testng.FeatureWrapper)[pri:0, instance:com.Runner.Runner@510f3d34]" started-at="2025-04-16T14:45:32 IST" name="runScenario" description="Runs Cucumber Scenarios" data-provider="scenarios" finished-at="2025-04-16T14:45:49 IST" duration-ms="16366" status="PASS">
          <params>
            <param index="0">
              <value>
                <![CDATA["Providing an empty value in Memberships field in Qualifications"]]>
              </value>
            </param>
            <param index="1">
              <value>
                <![CDATA["Adding Education Details in Admin Qualifications"]]>
              </value>
            </param>
          </params>
          <reporter-output>
          </reporter-output>
        </test-method> <!-- runScenario -->
        <test-method signature="runScenario(io.cucumber.testng.PickleWrapper,io.cucumber.testng.FeatureWrapper)[pri:0, instance:com.Runner.Runner@510f3d34]" started-at="2025-04-16T14:45:49 IST" name="runScenario" description="Runs Cucumber Scenarios" data-provider="scenarios" finished-at="2025-04-16T14:46:15 IST" duration-ms="26019" status="PASS">
          <params>
            <param index="0">
              <value>
                <![CDATA["Time at Work"]]>
              </value>
            </param>
            <param index="1">
              <value>
                <![CDATA["Dashboard"]]>
              </value>
            </param>
          </params>
          <reporter-output>
          </reporter-output>
        </test-method> <!-- runScenario -->
        <test-method signature="runScenario(io.cucumber.testng.PickleWrapper,io.cucumber.testng.FeatureWrapper)[pri:0, instance:com.Runner.Runner@510f3d34]" started-at="2025-04-16T14:46:15 IST" name="runScenario" description="Runs Cucumber Scenarios" data-provider="scenarios" finished-at="2025-04-16T14:46:29 IST" duration-ms="14746" status="PASS">
          <params>
            <param index="0">
              <value>
                <![CDATA["QuickLaunch Assert"]]>
              </value>
            </param>
            <param index="1">
              <value>
                <![CDATA["Dashboard"]]>
              </value>
            </param>
          </params>
          <reporter-output>
          </reporter-output>
        </test-method> <!-- runScenario -->
        <test-method signature="runScenario(io.cucumber.testng.PickleWrapper,io.cucumber.testng.FeatureWrapper)[pri:0, instance:com.Runner.Runner@510f3d34]" started-at="2025-04-16T14:46:29 IST" name="runScenario" description="Runs Cucumber Scenarios" data-provider="scenarios" finished-at="2025-04-16T14:46:42 IST" duration-ms="12384" status="PASS">
          <params>
            <param index="0">
              <value>
                <![CDATA["QuickLaunch Assert"]]>
              </value>
            </param>
            <param index="1">
              <value>
                <![CDATA["Dashboard"]]>
              </value>
            </param>
          </params>
          <reporter-output>
          </reporter-output>
        </test-method> <!-- runScenario -->
        <test-method signature="runScenario(io.cucumber.testng.PickleWrapper,io.cucumber.testng.FeatureWrapper)[pri:0, instance:com.Runner.Runner@510f3d34]" started-at="2025-04-16T14:46:42 IST" name="runScenario" description="Runs Cucumber Scenarios" data-provider="scenarios" finished-at="2025-04-16T14:46:54 IST" duration-ms="12322" status="PASS">
          <params>
            <param index="0">
              <value>
                <![CDATA["QuickLaunch Assert"]]>
              </value>
            </param>
            <param index="1">
              <value>
                <![CDATA["Dashboard"]]>
              </value>
            </param>
          </params>
          <reporter-output>
          </reporter-output>
        </test-method> <!-- runScenario -->
        <test-method signature="runScenario(io.cucumber.testng.PickleWrapper,io.cucumber.testng.FeatureWrapper)[pri:0, instance:com.Runner.Runner@510f3d34]" started-at="2025-04-16T14:46:54 IST" name="runScenario" description="Runs Cucumber Scenarios" data-provider="scenarios" finished-at="2025-04-16T14:47:07 IST" duration-ms="12454" status="PASS">
          <params>
            <param index="0">
              <value>
                <![CDATA["QuickLaunch Assert"]]>
              </value>
            </param>
            <param index="1">
              <value>
                <![CDATA["Dashboard"]]>
              </value>
            </param>
          </params>
          <reporter-output>
          </reporter-output>
        </test-method> <!-- runScenario -->
        <test-method signature="runScenario(io.cucumber.testng.PickleWrapper,io.cucumber.testng.FeatureWrapper)[pri:0, instance:com.Runner.Runner@510f3d34]" started-at="2025-04-16T14:47:07 IST" name="runScenario" description="Runs Cucumber Scenarios" data-provider="scenarios" finished-at="2025-04-16T14:47:18 IST" duration-ms="11975" status="PASS">
          <params>
            <param index="0">
              <value>
                <![CDATA["QuickLaunch Assert"]]>
              </value>
            </param>
            <param index="1">
              <value>
                <![CDATA["Dashboard"]]>
              </value>
            </param>
          </params>
          <reporter-output>
          </reporter-output>
        </test-method> <!-- runScenario -->
        <test-method signature="runScenario(io.cucumber.testng.PickleWrapper,io.cucumber.testng.FeatureWrapper)[pri:0, instance:com.Runner.Runner@510f3d34]" started-at="2025-04-16T14:47:18 IST" name="runScenario" description="Runs Cucumber Scenarios" data-provider="scenarios" finished-at="2025-04-16T14:47:31 IST" duration-ms="12124" status="PASS">
          <params>
            <param index="0">
              <value>
                <![CDATA["QuickLaunch Assert"]]>
              </value>
            </param>
            <param index="1">
              <value>
                <![CDATA["Dashboard"]]>
              </value>
            </param>
          </params>
          <reporter-output>
          </reporter-output>
        </test-method> <!-- runScenario -->
        <test-method signature="runScenario(io.cucumber.testng.PickleWrapper,io.cucumber.testng.FeatureWrapper)[pri:0, instance:com.Runner.Runner@510f3d34]" started-at="2025-04-16T14:47:31 IST" name="runScenario" description="Runs Cucumber Scenarios" data-provider="scenarios" finished-at="2025-04-16T14:47:46 IST" duration-ms="15127" status="PASS">
          <params>
            <param index="0">
              <value>
                <![CDATA["Access the Buzz and post it"]]>
              </value>
            </param>
            <param index="1">
              <value>
                <![CDATA["Buzz"]]>
              </value>
            </param>
          </params>
          <reporter-output>
          </reporter-output>
        </test-method> <!-- runScenario -->
        <test-method signature="runScenario(io.cucumber.testng.PickleWrapper,io.cucumber.testng.FeatureWrapper)[pri:0, instance:com.Runner.Runner@510f3d34]" started-at="2025-04-16T14:47:46 IST" name="runScenario" description="Runs Cucumber Scenarios" data-provider="scenarios" finished-at="2025-04-16T14:48:02 IST" duration-ms="16083" status="PASS">
          <params>
            <param index="0">
              <value>
                <![CDATA["Chech the Post is displayed in the Dashboard"]]>
              </value>
            </param>
            <param index="1">
              <value>
                <![CDATA["Buzz"]]>
              </value>
            </param>
          </params>
          <reporter-output>
          </reporter-output>
        </test-method> <!-- runScenario -->
        <test-method signature="runScenario(io.cucumber.testng.PickleWrapper,io.cucumber.testng.FeatureWrapper)[pri:0, instance:com.Runner.Runner@510f3d34]" started-at="2025-04-16T14:48:02 IST" name="runScenario" description="Runs Cucumber Scenarios" data-provider="scenarios" finished-at="2025-04-16T14:48:20 IST" duration-ms="18381" status="PASS">
          <params>
            <param index="0">
              <value>
                <![CDATA["Submit a new claim"]]>
              </value>
            </param>
            <param index="1">
              <value>
                <![CDATA["Claim feature"]]>
              </value>
            </param>
          </params>
          <reporter-output>
          </reporter-output>
        </test-method> <!-- runScenario -->
        <test-method signature="runScenario(io.cucumber.testng.PickleWrapper,io.cucumber.testng.FeatureWrapper)[pri:0, instance:com.Runner.Runner@510f3d34]" started-at="2025-04-16T14:48:20 IST" name="runScenario" description="Runs Cucumber Scenarios" data-provider="scenarios" finished-at="2025-04-16T14:48:38 IST" duration-ms="17968" status="PASS">
          <params>
            <param index="0">
              <value>
                <![CDATA["Assign claim and validate expense"]]>
              </value>
            </param>
            <param index="1">
              <value>
                <![CDATA["Claim feature"]]>
              </value>
            </param>
          </params>
          <reporter-output>
          </reporter-output>
        </test-method> <!-- runScenario -->
        <test-method signature="runScenario(io.cucumber.testng.PickleWrapper,io.cucumber.testng.FeatureWrapper)[pri:0, instance:com.Runner.Runner@510f3d34]" started-at="2025-04-16T14:48:38 IST" name="runScenario" description="Runs Cucumber Scenarios" data-provider="scenarios" finished-at="2025-04-16T14:49:02 IST" duration-ms="23528" status="PASS">
          <params>
            <param index="0">
              <value>
                <![CDATA["Enable optional fields in PIM configuration"]]>
              </value>
            </param>
            <param index="1">
              <value>
                <![CDATA["Validate OrangeHRM PIM Configuration Menu"]]>
              </value>
            </param>
          </params>
          <reporter-output>
          </reporter-output>
        </test-method> <!-- runScenario -->
        <test-method signature="runScenario(io.cucumber.testng.PickleWrapper,io.cucumber.testng.FeatureWrapper)[pri:0, instance:com.Runner.Runner@510f3d34]" started-at="2025-04-16T14:49:02 IST" name="runScenario" description="Runs Cucumber Scenarios" data-provider="scenarios" finished-at="2025-04-16T14:49:28 IST" duration-ms="26101" status="PASS">
          <params>
            <param index="0">
              <value>
                <![CDATA["Add Custom fields in PIM configuration"]]>
              </value>
            </param>
            <param index="1">
              <value>
                <![CDATA["Validate OrangeHRM PIM Configuration Menu"]]>
              </value>
            </param>
          </params>
          <reporter-output>
          </reporter-output>
        </test-method> <!-- runScenario -->
        <test-method signature="runScenario(io.cucumber.testng.PickleWrapper,io.cucumber.testng.FeatureWrapper)[pri:0, instance:com.Runner.Runner@510f3d34]" started-at="2025-04-16T14:49:28 IST" name="runScenario" description="Runs Cucumber Scenarios" data-provider="scenarios" finished-at="2025-04-16T14:49:51 IST" duration-ms="22841" status="PASS">
          <params>
            <param index="0">
              <value>
                <![CDATA["Add Reporting methods in PIM configuration"]]>
              </value>
            </param>
            <param index="1">
              <value>
                <![CDATA["Validate OrangeHRM PIM Configuration Menu"]]>
              </value>
            </param>
          </params>
          <reporter-output>
          </reporter-output>
        </test-method> <!-- runScenario -->
        <test-method signature="runScenario(io.cucumber.testng.PickleWrapper,io.cucumber.testng.FeatureWrapper)[pri:0, instance:com.Runner.Runner@510f3d34]" started-at="2025-04-16T14:49:51 IST" name="runScenario" description="Runs Cucumber Scenarios" data-provider="scenarios" finished-at="2025-04-16T14:50:14 IST" duration-ms="23205" status="PASS">
          <params>
            <param index="0">
              <value>
                <![CDATA["Add Termination Reson in PIM configuration"]]>
              </value>
            </param>
            <param index="1">
              <value>
                <![CDATA["Validate OrangeHRM PIM Configuration Menu"]]>
              </value>
            </param>
          </params>
          <reporter-output>
          </reporter-output>
        </test-method> <!-- runScenario -->
        <test-method signature="runScenario(io.cucumber.testng.PickleWrapper,io.cucumber.testng.FeatureWrapper)[pri:0, instance:com.Runner.Runner@510f3d34]" started-at="2025-04-16T14:50:14 IST" name="runScenario" description="Runs Cucumber Scenarios" data-provider="scenarios" finished-at="2025-04-16T14:50:37 IST" duration-ms="23590" status="PASS">
          <params>
            <param index="0">
              <value>
                <![CDATA["Add two new employees and assign a supervisor"]]>
              </value>
            </param>
            <param index="1">
              <value>
                <![CDATA["Admin Functionalities"]]>
              </value>
            </param>
          </params>
          <reporter-output>
          </reporter-output>
        </test-method> <!-- runScenario -->
        <test-method signature="runScenario(io.cucumber.testng.PickleWrapper,io.cucumber.testng.FeatureWrapper)[pri:0, instance:com.Runner.Runner@510f3d34]" started-at="2025-04-16T14:50:37 IST" name="runScenario" description="Runs Cucumber Scenarios" data-provider="scenarios" finished-at="2025-04-16T14:51:18 IST" duration-ms="40443" status="PASS">
          <params>
            <param index="0">
              <value>
                <![CDATA["Assign a supervisor"]]>
              </value>
            </param>
            <param index="1">
              <value>
                <![CDATA["Admin Functionalities"]]>
              </value>
            </param>
          </params>
          <reporter-output>
          </reporter-output>
        </test-method> <!-- runScenario -->
        <test-method signature="runScenario(io.cucumber.testng.PickleWrapper,io.cucumber.testng.FeatureWrapper)[pri:0, instance:com.Runner.Runner@510f3d34]" started-at="2025-04-16T14:51:18 IST" name="runScenario" description="Runs Cucumber Scenarios" data-provider="scenarios" finished-at="2025-04-16T14:51:38 IST" duration-ms="20011" status="PASS">
          <params>
            <param index="0">
              <value>
                <![CDATA["Search employee with valid credentials"]]>
              </value>
            </param>
            <param index="1">
              <value>
                <![CDATA["Admin Functionalities"]]>
              </value>
            </param>
          </params>
          <reporter-output>
          </reporter-output>
        </test-method> <!-- runScenario -->
        <test-method signature="runScenario(io.cucumber.testng.PickleWrapper,io.cucumber.testng.FeatureWrapper)[pri:0, instance:com.Runner.Runner@510f3d34]" started-at="2025-04-16T14:51:38 IST" name="runScenario" description="Runs Cucumber Scenarios" data-provider="scenarios" finished-at="2025-04-16T14:51:58 IST" duration-ms="19932" status="PASS">
          <params>
            <param index="0">
              <value>
                <![CDATA["Search employee with valid credentials"]]>
              </value>
            </param>
            <param index="1">
              <value>
                <![CDATA["Admin Functionalities"]]>
              </value>
            </param>
          </params>
          <reporter-output>
          </reporter-output>
        </test-method> <!-- runScenario -->
        <test-method signature="runScenario(io.cucumber.testng.PickleWrapper,io.cucumber.testng.FeatureWrapper)[pri:0, instance:com.Runner.Runner@510f3d34]" started-at="2025-04-16T14:51:58 IST" name="runScenario" description="Runs Cucumber Scenarios" data-provider="scenarios" finished-at="2025-04-16T14:52:18 IST" duration-ms="20216" status="PASS">
          <params>
            <param index="0">
              <value>
                <![CDATA["Search employee with valid credentials"]]>
              </value>
            </param>
            <param index="1">
              <value>
                <![CDATA["Admin Functionalities"]]>
              </value>
            </param>
          </params>
          <reporter-output>
          </reporter-output>
        </test-method> <!-- runScenario -->
        <test-method signature="runScenario(io.cucumber.testng.PickleWrapper,io.cucumber.testng.FeatureWrapper)[pri:0, instance:com.Runner.Runner@510f3d34]" started-at="2025-04-16T14:52:18 IST" name="runScenario" description="Runs Cucumber Scenarios" data-provider="scenarios" finished-at="2025-04-16T14:52:44 IST" duration-ms="25763" status="PASS">
          <params>
            <param index="0">
              <value>
                <![CDATA["Add a new performance tracker with reviewers"]]>
              </value>
            </param>
            <param index="1">
              <value>
                <![CDATA["Adding Tracker Details in Tracker field"]]>
              </value>
            </param>
          </params>
          <reporter-output>
          </reporter-output>
        </test-method> <!-- runScenario -->
        <test-method signature="runScenario(io.cucumber.testng.PickleWrapper,io.cucumber.testng.FeatureWrapper)[pri:0, instance:com.Runner.Runner@510f3d34]" started-at="2025-04-16T14:52:44 IST" name="runScenario" description="Runs Cucumber Scenarios" data-provider="scenarios" finished-at="2025-04-16T14:53:00 IST" duration-ms="16475" status="PASS">
          <params>
            <param index="0">
              <value>
                <![CDATA["Add a performance tracker with invalid employee details"]]>
              </value>
            </param>
            <param index="1">
              <value>
                <![CDATA["Adding Tracker Details in Tracker field"]]>
              </value>
            </param>
          </params>
          <reporter-output>
          </reporter-output>
        </test-method> <!-- runScenario -->
        <test-method signature="runScenario(io.cucumber.testng.PickleWrapper,io.cucumber.testng.FeatureWrapper)[pri:0, instance:com.Runner.Runner@510f3d34]" started-at="2025-04-16T14:53:00 IST" name="runScenario" description="Runs Cucumber Scenarios" data-provider="scenarios" finished-at="2025-04-16T14:53:15 IST" duration-ms="14945" status="FAIL">
          <params>
            <param index="0">
              <value>
                <![CDATA["Verifying the Job Title and Review Status in Manage Reviews"]]>
              </value>
            </param>
            <param index="1">
              <value>
                <![CDATA["Accessing Manage Reviews,Trackers,Employee Trackers Fields"]]>
              </value>
            </param>
          </params>
          <exception class="java.lang.AssertionError">
            <message>
              <![CDATA[Review Status does not match expected [Activated] but found [In Progress]]]>
            </message>
            <full-stacktrace>
              <![CDATA[java.lang.AssertionError: Review Status does not match expected [Activated] but found [In Progress]
at org.testng.Assert.fail(Assert.java:111)
at org.testng.Assert.failNotEquals(Assert.java:1590)
at org.testng.Assert.assertEqualsImpl(Assert.java:150)
at org.testng.Assert.assertEquals(Assert.java:132)
at org.testng.Assert.assertEquals(Assert.java:656)
at com.Actions.PerformanceActions2.verifyCredentials(PerformanceActions2.java:44)
at com.Definations.PerformanceDefinitions2.verify_the_following_credentials(PerformanceDefinitions2.java:44)
at ✽.verify the following credentials(file:///Users/sevvelkaranpalanivetrivel/git/OrangeHRM_Cucumber4/Cucumber_!/src/test/resources/com/features/Performance2.feature:13)
]]>
            </full-stacktrace>
          </exception> <!-- java.lang.AssertionError -->
          <reporter-output>
          </reporter-output>
        </test-method> <!-- runScenario -->
        <test-method signature="runScenario(io.cucumber.testng.PickleWrapper,io.cucumber.testng.FeatureWrapper)[pri:0, instance:com.Runner.Runner@510f3d34]" started-at="2025-04-16T14:53:15 IST" name="runScenario" description="Runs Cucumber Scenarios" data-provider="scenarios" finished-at="2025-04-16T14:53:32 IST" duration-ms="17243" status="PASS">
          <params>
            <param index="0">
              <value>
                <![CDATA["Verifying the Tracker name in My Trackers"]]>
              </value>
            </param>
            <param index="1">
              <value>
                <![CDATA["Accessing Manage Reviews,Trackers,Employee Trackers Fields"]]>
              </value>
            </param>
          </params>
          <reporter-output>
          </reporter-output>
        </test-method> <!-- runScenario -->
        <test-method signature="runScenario(io.cucumber.testng.PickleWrapper,io.cucumber.testng.FeatureWrapper)[pri:0, instance:com.Runner.Runner@510f3d34]" started-at="2025-04-16T14:53:33 IST" name="runScenario" description="Runs Cucumber Scenarios" data-provider="scenarios" finished-at="2025-04-16T14:53:48 IST" duration-ms="15557" status="PASS">
          <params>
            <param index="0">
              <value>
                <![CDATA["Searching the Employee name in Employee Trackers"]]>
              </value>
            </param>
            <param index="1">
              <value>
                <![CDATA["Accessing Manage Reviews,Trackers,Employee Trackers Fields"]]>
              </value>
            </param>
          </params>
          <reporter-output>
          </reporter-output>
        </test-method> <!-- runScenario -->
        <test-method signature="runScenario(io.cucumber.testng.PickleWrapper,io.cucumber.testng.FeatureWrapper)[pri:0, instance:com.Runner.Runner@510f3d34]" started-at="2025-04-16T14:53:48 IST" name="runScenario" description="Runs Cucumber Scenarios" data-provider="scenarios" finished-at="2025-04-16T14:54:06 IST" duration-ms="18036" status="PASS">
          <params>
            <param index="0">
              <value>
                <![CDATA["Searching the Employee name in Employee Trackers (Invalid)"]]>
              </value>
            </param>
            <param index="1">
              <value>
                <![CDATA["Accessing Manage Reviews,Trackers,Employee Trackers Fields"]]>
              </value>
            </param>
          </params>
          <reporter-output>
          </reporter-output>
        </test-method> <!-- runScenario -->
        <test-method signature="runScenario(io.cucumber.testng.PickleWrapper,io.cucumber.testng.FeatureWrapper)[pri:0, instance:com.Runner.Runner@510f3d34]" started-at="2025-04-16T14:54:06 IST" name="runScenario" description="Runs Cucumber Scenarios" data-provider="scenarios" finished-at="2025-04-16T14:54:34 IST" duration-ms="27738" status="PASS">
          <params>
            <param index="0">
              <value>
                <![CDATA["Add a new user"]]>
              </value>
            </param>
            <param index="1">
              <value>
                <![CDATA["User Management functionality in OrangeHRM"]]>
              </value>
            </param>
          </params>
          <reporter-output>
          </reporter-output>
        </test-method> <!-- runScenario -->
        <test-method signature="runScenario(io.cucumber.testng.PickleWrapper,io.cucumber.testng.FeatureWrapper)[pri:0, instance:com.Runner.Runner@510f3d34]" started-at="2025-04-16T14:54:34 IST" name="runScenario" description="Runs Cucumber Scenarios" data-provider="scenarios" finished-at="2025-04-16T14:54:51 IST" duration-ms="17308" status="PASS">
          <params>
            <param index="0">
              <value>
                <![CDATA["View user with valid credentials"]]>
              </value>
            </param>
            <param index="1">
              <value>
                <![CDATA["User Management functionality in OrangeHRM"]]>
              </value>
            </param>
          </params>
          <reporter-output>
          </reporter-output>
        </test-method> <!-- runScenario -->
        <test-method signature="runScenario(io.cucumber.testng.PickleWrapper,io.cucumber.testng.FeatureWrapper)[pri:0, instance:com.Runner.Runner@510f3d34]" started-at="2025-04-16T14:54:51 IST" name="runScenario" description="Runs Cucumber Scenarios" data-provider="scenarios" finished-at="2025-04-16T14:55:09 IST" duration-ms="18340" status="PASS">
          <params>
            <param index="0">
              <value>
                <![CDATA["View user with valid credentials"]]>
              </value>
            </param>
            <param index="1">
              <value>
                <![CDATA["User Management functionality in OrangeHRM"]]>
              </value>
            </param>
          </params>
          <reporter-output>
          </reporter-output>
        </test-method> <!-- runScenario -->
        <test-method signature="runScenario(io.cucumber.testng.PickleWrapper,io.cucumber.testng.FeatureWrapper)[pri:0, instance:com.Runner.Runner@510f3d34]" started-at="2025-04-16T14:55:09 IST" name="runScenario" description="Runs Cucumber Scenarios" data-provider="scenarios" finished-at="2025-04-16T14:55:29 IST" duration-ms="19212" status="PASS">
          <params>
            <param index="0">
              <value>
                <![CDATA["View user with valid credentials"]]>
              </value>
            </param>
            <param index="1">
              <value>
                <![CDATA["User Management functionality in OrangeHRM"]]>
              </value>
            </param>
          </params>
          <reporter-output>
          </reporter-output>
        </test-method> <!-- runScenario -->
        <test-method signature="runScenario(io.cucumber.testng.PickleWrapper,io.cucumber.testng.FeatureWrapper)[pri:0, instance:com.Runner.Runner@510f3d34]" started-at="2025-04-16T14:55:29 IST" name="runScenario" description="Runs Cucumber Scenarios" data-provider="scenarios" finished-at="2025-04-16T14:55:52 IST" duration-ms="23203" status="PASS">
          <params>
            <param index="0">
              <value>
                <![CDATA["View user with valid credentials"]]>
              </value>
            </param>
            <param index="1">
              <value>
                <![CDATA["User Management functionality in OrangeHRM"]]>
              </value>
            </param>
          </params>
          <reporter-output>
          </reporter-output>
        </test-method> <!-- runScenario -->
        <test-method signature="runScenario(io.cucumber.testng.PickleWrapper,io.cucumber.testng.FeatureWrapper)[pri:0, instance:com.Runner.Runner@510f3d34]" started-at="2025-04-16T14:55:52 IST" name="runScenario" description="Runs Cucumber Scenarios" data-provider="scenarios" finished-at="2025-04-16T14:56:15 IST" duration-ms="22924" status="PASS">
          <params>
            <param index="0">
              <value>
                <![CDATA["View user with valid credentials"]]>
              </value>
            </param>
            <param index="1">
              <value>
                <![CDATA["User Management functionality in OrangeHRM"]]>
              </value>
            </param>
          </params>
          <reporter-output>
          </reporter-output>
        </test-method> <!-- runScenario -->
        <test-method signature="runScenario(io.cucumber.testng.PickleWrapper,io.cucumber.testng.FeatureWrapper)[pri:0, instance:com.Runner.Runner@510f3d34]" started-at="2025-04-16T14:56:15 IST" name="runScenario" description="Runs Cucumber Scenarios" data-provider="scenarios" finished-at="2025-04-16T14:56:41 IST" duration-ms="26316" status="PASS">
          <params>
            <param index="0">
              <value>
                <![CDATA["View user with valid credentials"]]>
              </value>
            </param>
            <param index="1">
              <value>
                <![CDATA["User Management functionality in OrangeHRM"]]>
              </value>
            </param>
          </params>
          <reporter-output>
          </reporter-output>
        </test-method> <!-- runScenario -->
        <test-method signature="runScenario(io.cucumber.testng.PickleWrapper,io.cucumber.testng.FeatureWrapper)[pri:0, instance:com.Runner.Runner@510f3d34]" started-at="2025-04-16T14:56:41 IST" name="runScenario" description="Runs Cucumber Scenarios" data-provider="scenarios" finished-at="2025-04-16T14:57:05 IST" duration-ms="23794" status="PASS">
          <params>
            <param index="0">
              <value>
                <![CDATA["View user with valid credentials"]]>
              </value>
            </param>
            <param index="1">
              <value>
                <![CDATA["User Management functionality in OrangeHRM"]]>
              </value>
            </param>
          </params>
          <reporter-output>
          </reporter-output>
        </test-method> <!-- runScenario -->
        <test-method signature="runScenario(io.cucumber.testng.PickleWrapper,io.cucumber.testng.FeatureWrapper)[pri:0, instance:com.Runner.Runner@510f3d34]" started-at="2025-04-16T14:57:05 IST" name="runScenario" description="Runs Cucumber Scenarios" data-provider="scenarios" finished-at="2025-04-16T14:57:34 IST" duration-ms="28545" status="PASS">
          <params>
            <param index="0">
              <value>
                <![CDATA["View user with valid credentials"]]>
              </value>
            </param>
            <param index="1">
              <value>
                <![CDATA["User Management functionality in OrangeHRM"]]>
              </value>
            </param>
          </params>
          <reporter-output>
          </reporter-output>
        </test-method> <!-- runScenario -->
        <test-method signature="runScenario(io.cucumber.testng.PickleWrapper,io.cucumber.testng.FeatureWrapper)[pri:0, instance:com.Runner.Runner@510f3d34]" started-at="2025-04-16T14:57:34 IST" name="runScenario" description="Runs Cucumber Scenarios" data-provider="scenarios" finished-at="2025-04-16T14:57:59 IST" duration-ms="25104" status="PASS">
          <params>
            <param index="0">
              <value>
                <![CDATA["View user with valid credentials"]]>
              </value>
            </param>
            <param index="1">
              <value>
                <![CDATA["User Management functionality in OrangeHRM"]]>
              </value>
            </param>
          </params>
          <reporter-output>
          </reporter-output>
        </test-method> <!-- runScenario -->
        <test-method signature="runScenario(io.cucumber.testng.PickleWrapper,io.cucumber.testng.FeatureWrapper)[pri:0, instance:com.Runner.Runner@510f3d34]" started-at="2025-04-16T14:57:59 IST" name="runScenario" description="Runs Cucumber Scenarios" data-provider="scenarios" finished-at="2025-04-16T14:58:23 IST" duration-ms="24710" status="PASS">
          <params>
            <param index="0">
              <value>
                <![CDATA["View user with valid credentials"]]>
              </value>
            </param>
            <param index="1">
              <value>
                <![CDATA["User Management functionality in OrangeHRM"]]>
              </value>
            </param>
          </params>
          <reporter-output>
          </reporter-output>
        </test-method> <!-- runScenario -->
        <test-method signature="runScenario(io.cucumber.testng.PickleWrapper,io.cucumber.testng.FeatureWrapper)[pri:0, instance:com.Runner.Runner@510f3d34]" started-at="2025-04-16T14:58:23 IST" name="runScenario" description="Runs Cucumber Scenarios" data-provider="scenarios" finished-at="2025-04-16T14:58:55 IST" duration-ms="31932" status="PASS">
          <params>
            <param index="0">
              <value>
                <![CDATA["View user with valid credentials"]]>
              </value>
            </param>
            <param index="1">
              <value>
                <![CDATA["User Management functionality in OrangeHRM"]]>
              </value>
            </param>
          </params>
          <reporter-output>
          </reporter-output>
        </test-method> <!-- runScenario -->
        <test-method signature="runScenario(io.cucumber.testng.PickleWrapper,io.cucumber.testng.FeatureWrapper)[pri:0, instance:com.Runner.Runner@510f3d34]" started-at="2025-04-16T14:58:55 IST" name="runScenario" description="Runs Cucumber Scenarios" data-provider="scenarios" finished-at="2025-04-16T14:59:24 IST" duration-ms="28771" status="PASS">
          <params>
            <param index="0">
              <value>
                <![CDATA["View user with valid credentials"]]>
              </value>
            </param>
            <param index="1">
              <value>
                <![CDATA["User Management functionality in OrangeHRM"]]>
              </value>
            </param>
          </params>
          <reporter-output>
          </reporter-output>
        </test-method> <!-- runScenario -->
        <test-method signature="runScenario(io.cucumber.testng.PickleWrapper,io.cucumber.testng.FeatureWrapper)[pri:0, instance:com.Runner.Runner@510f3d34]" started-at="2025-04-16T14:59:24 IST" name="runScenario" description="Runs Cucumber Scenarios" data-provider="scenarios" finished-at="2025-04-16T14:59:44 IST" duration-ms="20393" status="PASS">
          <params>
            <param index="0">
              <value>
                <![CDATA["View user with Invalid credentials"]]>
              </value>
            </param>
            <param index="1">
              <value>
                <![CDATA["User Management functionality in OrangeHRM"]]>
              </value>
            </param>
          </params>
          <reporter-output>
          </reporter-output>
        </test-method> <!-- runScenario -->
        <test-method signature="runScenario(io.cucumber.testng.PickleWrapper,io.cucumber.testng.FeatureWrapper)[pri:0, instance:com.Runner.Runner@510f3d34]" started-at="2025-04-16T14:59:44 IST" name="runScenario" description="Runs Cucumber Scenarios" data-provider="scenarios" finished-at="2025-04-16T15:00:07 IST" duration-ms="22723" status="PASS">
          <params>
            <param index="0">
              <value>
                <![CDATA["View user with Invalid credentials"]]>
              </value>
            </param>
            <param index="1">
              <value>
                <![CDATA["User Management functionality in OrangeHRM"]]>
              </value>
            </param>
          </params>
          <reporter-output>
          </reporter-output>
        </test-method> <!-- runScenario -->
        <test-method signature="runScenario(io.cucumber.testng.PickleWrapper,io.cucumber.testng.FeatureWrapper)[pri:0, instance:com.Runner.Runner@510f3d34]" started-at="2025-04-16T15:00:07 IST" name="runScenario" description="Runs Cucumber Scenarios" data-provider="scenarios" finished-at="2025-04-16T15:00:36 IST" duration-ms="28567" status="PASS">
          <params>
            <param index="0">
              <value>
                <![CDATA["View user with Invalid credentials"]]>
              </value>
            </param>
            <param index="1">
              <value>
                <![CDATA["User Management functionality in OrangeHRM"]]>
              </value>
            </param>
          </params>
          <reporter-output>
          </reporter-output>
        </test-method> <!-- runScenario -->
        <test-method signature="runScenario(io.cucumber.testng.PickleWrapper,io.cucumber.testng.FeatureWrapper)[pri:0, instance:com.Runner.Runner@510f3d34]" started-at="2025-04-16T15:00:36 IST" name="runScenario" description="Runs Cucumber Scenarios" data-provider="scenarios" finished-at="2025-04-16T15:01:01 IST" duration-ms="25401" status="PASS">
          <params>
            <param index="0">
              <value>
                <![CDATA["View user with Invalid credentials"]]>
              </value>
            </param>
            <param index="1">
              <value>
                <![CDATA["User Management functionality in OrangeHRM"]]>
              </value>
            </param>
          </params>
          <reporter-output>
          </reporter-output>
        </test-method> <!-- runScenario -->
        <test-method signature="runScenario(io.cucumber.testng.PickleWrapper,io.cucumber.testng.FeatureWrapper)[pri:0, instance:com.Runner.Runner@510f3d34]" started-at="2025-04-16T15:01:01 IST" name="runScenario" description="Runs Cucumber Scenarios" data-provider="scenarios" finished-at="2025-04-16T15:01:30 IST" duration-ms="28782" status="PASS">
          <params>
            <param index="0">
              <value>
                <![CDATA["View user with Invalid credentials"]]>
              </value>
            </param>
            <param index="1">
              <value>
                <![CDATA["User Management functionality in OrangeHRM"]]>
              </value>
            </param>
          </params>
          <reporter-output>
          </reporter-output>
        </test-method> <!-- runScenario -->
        <test-method signature="runScenario(io.cucumber.testng.PickleWrapper,io.cucumber.testng.FeatureWrapper)[pri:0, instance:com.Runner.Runner@510f3d34]" started-at="2025-04-16T15:01:30 IST" name="runScenario" description="Runs Cucumber Scenarios" data-provider="scenarios" finished-at="2025-04-16T15:01:56 IST" duration-ms="26107" status="PASS">
          <params>
            <param index="0">
              <value>
                <![CDATA["Create a new timesheet for a valid employee"]]>
              </value>
            </param>
            <param index="1">
              <value>
                <![CDATA["Manage Timesheets in OrangeHRM"]]>
              </value>
            </param>
          </params>
          <reporter-output>
          </reporter-output>
        </test-method> <!-- runScenario -->
        <test-method signature="runScenario(io.cucumber.testng.PickleWrapper,io.cucumber.testng.FeatureWrapper)[pri:0, instance:com.Runner.Runner@510f3d34]" started-at="2025-04-16T15:01:56 IST" name="runScenario" description="Runs Cucumber Scenarios" data-provider="scenarios" finished-at="2025-04-16T15:02:16 IST" duration-ms="19855" status="PASS">
          <params>
            <param index="0">
              <value>
                <![CDATA["Display error message for an invalid employee"]]>
              </value>
            </param>
            <param index="1">
              <value>
                <![CDATA["Manage Timesheets in OrangeHRM"]]>
              </value>
            </param>
          </params>
          <reporter-output>
          </reporter-output>
        </test-method> <!-- runScenario -->
        <test-method is-config="true" signature="tearDownClass()[pri:0, instance:com.Runner.Runner@510f3d34]" started-at="2025-04-16T15:02:16 IST" name="tearDownClass" finished-at="2025-04-16T15:02:16 IST" duration-ms="440" status="PASS">
          <reporter-output>
          </reporter-output>
        </test-method> <!-- tearDownClass -->
      </class> <!-- com.Runner.Runner -->
    </test> <!-- Default test -->
  </suite> <!-- Default suite -->
</testng-results>
