<?xml version="1.0" encoding="UTF-8"?>
<testng-results ignored="0" total="19" passed="19" failed="0" skipped="0">
  <reporter-output>
  </reporter-output>
  <suite started-at="2025-04-14T08:38:27 IST" name="Default suite" finished-at="2025-04-14T08:49:45 IST" duration-ms="678664">
    <groups>
      <group name="cucumber">
        <method signature="AbstractTestNGCucumberTests.runScenario(io.cucumber.testng.PickleWrapper,io.cucumber.testng.FeatureWrapper)[pri:0, instance:com.Runner.Runner@385e9564]" name="runScenario" class="io.cucumber.testng.AbstractTestNGCucumberTests"/>
      </group> <!-- cucumber -->
    </groups>
    <test started-at="2025-04-14T08:38:27 IST" name="Default test" finished-at="2025-04-14T08:49:45 IST" duration-ms="678664">
      <class name="com.Runner.Runner">
        <test-method is-config="true" signature="setUpClass(org.testng.ITestContext)[pri:0, instance:com.Runner.Runner@385e9564]" started-at="2025-04-14T08:38:27 IST" name="setUpClass" finished-at="2025-04-14T08:38:27 IST" duration-ms="787" status="PASS">
          <params>
            <param index="0">
              <value>
                <![CDATA[org.testng.TestRunner@15994b0b]]>
              </value>
            </param>
          </params>
          <reporter-output>
          </reporter-output>
        </test-method> <!-- setUpClass -->
        <test-method signature="runScenario(io.cucumber.testng.PickleWrapper,io.cucumber.testng.FeatureWrapper)[pri:0, instance:com.Runner.Runner@385e9564]" started-at="2025-04-14T08:38:28 IST" name="runScenario" description="Runs Cucumber Scenarios" data-provider="scenarios" finished-at="2025-04-14T08:39:19 IST" duration-ms="51716" status="PASS">
          <params>
            <param index="0">
              <value>
                <![CDATA["Add a new user"]]>
              </value>
            </param>
            <param index="1">
              <value>
                <![CDATA["User Management functionality in OrangeHRM"]]>
              </value>
            </param>
          </params>
          <reporter-output>
          </reporter-output>
        </test-method> <!-- runScenario -->
        <test-method signature="runScenario(io.cucumber.testng.PickleWrapper,io.cucumber.testng.FeatureWrapper)[pri:0, instance:com.Runner.Runner@385e9564]" started-at="2025-04-14T08:39:19 IST" name="runScenario" description="Runs Cucumber Scenarios" data-provider="scenarios" finished-at="2025-04-14T08:39:50 IST" duration-ms="30573" status="PASS">
          <params>
            <param index="0">
              <value>
                <![CDATA["View user with valid credentials"]]>
              </value>
            </param>
            <param index="1">
              <value>
                <![CDATA["User Management functionality in OrangeHRM"]]>
              </value>
            </param>
          </params>
          <reporter-output>
          </reporter-output>
        </test-method> <!-- runScenario -->
        <test-method signature="runScenario(io.cucumber.testng.PickleWrapper,io.cucumber.testng.FeatureWrapper)[pri:0, instance:com.Runner.Runner@385e9564]" started-at="2025-04-14T08:39:50 IST" name="runScenario" description="Runs Cucumber Scenarios" data-provider="scenarios" finished-at="2025-04-14T08:40:23 IST" duration-ms="33314" status="PASS">
          <params>
            <param index="0">
              <value>
                <![CDATA["View user with valid credentials"]]>
              </value>
            </param>
            <param index="1">
              <value>
                <![CDATA["User Management functionality in OrangeHRM"]]>
              </value>
            </param>
          </params>
          <reporter-output>
          </reporter-output>
        </test-method> <!-- runScenario -->
        <test-method signature="runScenario(io.cucumber.testng.PickleWrapper,io.cucumber.testng.FeatureWrapper)[pri:0, instance:com.Runner.Runner@385e9564]" started-at="2025-04-14T08:40:23 IST" name="runScenario" description="Runs Cucumber Scenarios" data-provider="scenarios" finished-at="2025-04-14T08:40:56 IST" duration-ms="33276" status="PASS">
          <params>
            <param index="0">
              <value>
                <![CDATA["View user with valid credentials"]]>
              </value>
            </param>
            <param index="1">
              <value>
                <![CDATA["User Management functionality in OrangeHRM"]]>
              </value>
            </param>
          </params>
          <reporter-output>
          </reporter-output>
        </test-method> <!-- runScenario -->
        <test-method signature="runScenario(io.cucumber.testng.PickleWrapper,io.cucumber.testng.FeatureWrapper)[pri:0, instance:com.Runner.Runner@385e9564]" started-at="2025-04-14T08:40:56 IST" name="runScenario" description="Runs Cucumber Scenarios" data-provider="scenarios" finished-at="2025-04-14T08:41:29 IST" duration-ms="33012" status="PASS">
          <params>
            <param index="0">
              <value>
                <![CDATA["View user with valid credentials"]]>
              </value>
            </param>
            <param index="1">
              <value>
                <![CDATA["User Management functionality in OrangeHRM"]]>
              </value>
            </param>
          </params>
          <reporter-output>
          </reporter-output>
        </test-method> <!-- runScenario -->
        <test-method signature="runScenario(io.cucumber.testng.PickleWrapper,io.cucumber.testng.FeatureWrapper)[pri:0, instance:com.Runner.Runner@385e9564]" started-at="2025-04-14T08:41:30 IST" name="runScenario" description="Runs Cucumber Scenarios" data-provider="scenarios" finished-at="2025-04-14T08:42:02 IST" duration-ms="32806" status="PASS">
          <params>
            <param index="0">
              <value>
                <![CDATA["View user with valid credentials"]]>
              </value>
            </param>
            <param index="1">
              <value>
                <![CDATA["User Management functionality in OrangeHRM"]]>
              </value>
            </param>
          </params>
          <reporter-output>
          </reporter-output>
        </test-method> <!-- runScenario -->
        <test-method signature="runScenario(io.cucumber.testng.PickleWrapper,io.cucumber.testng.FeatureWrapper)[pri:0, instance:com.Runner.Runner@385e9564]" started-at="2025-04-14T08:42:02 IST" name="runScenario" description="Runs Cucumber Scenarios" data-provider="scenarios" finished-at="2025-04-14T08:42:38 IST" duration-ms="35976" status="PASS">
          <params>
            <param index="0">
              <value>
                <![CDATA["View user with valid credentials"]]>
              </value>
            </param>
            <param index="1">
              <value>
                <![CDATA["User Management functionality in OrangeHRM"]]>
              </value>
            </param>
          </params>
          <reporter-output>
          </reporter-output>
        </test-method> <!-- runScenario -->
        <test-method signature="runScenario(io.cucumber.testng.PickleWrapper,io.cucumber.testng.FeatureWrapper)[pri:0, instance:com.Runner.Runner@385e9564]" started-at="2025-04-14T08:42:38 IST" name="runScenario" description="Runs Cucumber Scenarios" data-provider="scenarios" finished-at="2025-04-14T08:43:15 IST" duration-ms="37123" status="PASS">
          <params>
            <param index="0">
              <value>
                <![CDATA["View user with valid credentials"]]>
              </value>
            </param>
            <param index="1">
              <value>
                <![CDATA["User Management functionality in OrangeHRM"]]>
              </value>
            </param>
          </params>
          <reporter-output>
          </reporter-output>
        </test-method> <!-- runScenario -->
        <test-method signature="runScenario(io.cucumber.testng.PickleWrapper,io.cucumber.testng.FeatureWrapper)[pri:0, instance:com.Runner.Runner@385e9564]" started-at="2025-04-14T08:43:15 IST" name="runScenario" description="Runs Cucumber Scenarios" data-provider="scenarios" finished-at="2025-04-14T08:43:56 IST" duration-ms="40682" status="PASS">
          <params>
            <param index="0">
              <value>
                <![CDATA["View user with valid credentials"]]>
              </value>
            </param>
            <param index="1">
              <value>
                <![CDATA["User Management functionality in OrangeHRM"]]>
              </value>
            </param>
          </params>
          <reporter-output>
          </reporter-output>
        </test-method> <!-- runScenario -->
        <test-method signature="runScenario(io.cucumber.testng.PickleWrapper,io.cucumber.testng.FeatureWrapper)[pri:0, instance:com.Runner.Runner@385e9564]" started-at="2025-04-14T08:43:56 IST" name="runScenario" description="Runs Cucumber Scenarios" data-provider="scenarios" finished-at="2025-04-14T08:44:34 IST" duration-ms="38239" status="PASS">
          <params>
            <param index="0">
              <value>
                <![CDATA["View user with valid credentials"]]>
              </value>
            </param>
            <param index="1">
              <value>
                <![CDATA["User Management functionality in OrangeHRM"]]>
              </value>
            </param>
          </params>
          <reporter-output>
          </reporter-output>
        </test-method> <!-- runScenario -->
        <test-method signature="runScenario(io.cucumber.testng.PickleWrapper,io.cucumber.testng.FeatureWrapper)[pri:0, instance:com.Runner.Runner@385e9564]" started-at="2025-04-14T08:44:34 IST" name="runScenario" description="Runs Cucumber Scenarios" data-provider="scenarios" finished-at="2025-04-14T08:45:11 IST" duration-ms="36577" status="PASS">
          <params>
            <param index="0">
              <value>
                <![CDATA["View user with valid credentials"]]>
              </value>
            </param>
            <param index="1">
              <value>
                <![CDATA["User Management functionality in OrangeHRM"]]>
              </value>
            </param>
          </params>
          <reporter-output>
          </reporter-output>
        </test-method> <!-- runScenario -->
        <test-method signature="runScenario(io.cucumber.testng.PickleWrapper,io.cucumber.testng.FeatureWrapper)[pri:0, instance:com.Runner.Runner@385e9564]" started-at="2025-04-14T08:45:11 IST" name="runScenario" description="Runs Cucumber Scenarios" data-provider="scenarios" finished-at="2025-04-14T08:45:54 IST" duration-ms="43442" status="PASS">
          <params>
            <param index="0">
              <value>
                <![CDATA["View user with valid credentials"]]>
              </value>
            </param>
            <param index="1">
              <value>
                <![CDATA["User Management functionality in OrangeHRM"]]>
              </value>
            </param>
          </params>
          <reporter-output>
          </reporter-output>
        </test-method> <!-- runScenario -->
        <test-method signature="runScenario(io.cucumber.testng.PickleWrapper,io.cucumber.testng.FeatureWrapper)[pri:0, instance:com.Runner.Runner@385e9564]" started-at="2025-04-14T08:45:54 IST" name="runScenario" description="Runs Cucumber Scenarios" data-provider="scenarios" finished-at="2025-04-14T08:46:31 IST" duration-ms="36487" status="PASS">
          <params>
            <param index="0">
              <value>
                <![CDATA["View user with valid credentials"]]>
              </value>
            </param>
            <param index="1">
              <value>
                <![CDATA["User Management functionality in OrangeHRM"]]>
              </value>
            </param>
          </params>
          <reporter-output>
          </reporter-output>
        </test-method> <!-- runScenario -->
        <test-method signature="runScenario(io.cucumber.testng.PickleWrapper,io.cucumber.testng.FeatureWrapper)[pri:0, instance:com.Runner.Runner@385e9564]" started-at="2025-04-14T08:46:31 IST" name="runScenario" description="Runs Cucumber Scenarios" data-provider="scenarios" finished-at="2025-04-14T08:47:00 IST" duration-ms="29044" status="PASS">
          <params>
            <param index="0">
              <value>
                <![CDATA["View user with Invalid credentials"]]>
              </value>
            </param>
            <param index="1">
              <value>
                <![CDATA["User Management functionality in OrangeHRM"]]>
              </value>
            </param>
          </params>
          <reporter-output>
          </reporter-output>
        </test-method> <!-- runScenario -->
        <test-method signature="runScenario(io.cucumber.testng.PickleWrapper,io.cucumber.testng.FeatureWrapper)[pri:0, instance:com.Runner.Runner@385e9564]" started-at="2025-04-14T08:47:00 IST" name="runScenario" description="Runs Cucumber Scenarios" data-provider="scenarios" finished-at="2025-04-14T08:47:32 IST" duration-ms="31694" status="PASS">
          <params>
            <param index="0">
              <value>
                <![CDATA["View user with Invalid credentials"]]>
              </value>
            </param>
            <param index="1">
              <value>
                <![CDATA["User Management functionality in OrangeHRM"]]>
              </value>
            </param>
          </params>
          <reporter-output>
          </reporter-output>
        </test-method> <!-- runScenario -->
        <test-method signature="runScenario(io.cucumber.testng.PickleWrapper,io.cucumber.testng.FeatureWrapper)[pri:0, instance:com.Runner.Runner@385e9564]" started-at="2025-04-14T08:47:32 IST" name="runScenario" description="Runs Cucumber Scenarios" data-provider="scenarios" finished-at="2025-04-14T08:48:12 IST" duration-ms="40688" status="PASS">
          <params>
            <param index="0">
              <value>
                <![CDATA["View user with Invalid credentials"]]>
              </value>
            </param>
            <param index="1">
              <value>
                <![CDATA["User Management functionality in OrangeHRM"]]>
              </value>
            </param>
          </params>
          <reporter-output>
          </reporter-output>
        </test-method> <!-- runScenario -->
        <test-method signature="runScenario(io.cucumber.testng.PickleWrapper,io.cucumber.testng.FeatureWrapper)[pri:0, instance:com.Runner.Runner@385e9564]" started-at="2025-04-14T08:48:12 IST" name="runScenario" description="Runs Cucumber Scenarios" data-provider="scenarios" finished-at="2025-04-14T08:48:46 IST" duration-ms="33362" status="PASS">
          <params>
            <param index="0">
              <value>
                <![CDATA["View user with Invalid credentials"]]>
              </value>
            </param>
            <param index="1">
              <value>
                <![CDATA["User Management functionality in OrangeHRM"]]>
              </value>
            </param>
          </params>
          <reporter-output>
          </reporter-output>
        </test-method> <!-- runScenario -->
        <test-method signature="runScenario(io.cucumber.testng.PickleWrapper,io.cucumber.testng.FeatureWrapper)[pri:0, instance:com.Runner.Runner@385e9564]" started-at="2025-04-14T08:48:46 IST" name="runScenario" description="Runs Cucumber Scenarios" data-provider="scenarios" finished-at="2025-04-14T08:49:17 IST" duration-ms="31695" status="PASS">
          <params>
            <param index="0">
              <value>
                <![CDATA["View user with Invalid credentials"]]>
              </value>
            </param>
            <param index="1">
              <value>
                <![CDATA["User Management functionality in OrangeHRM"]]>
              </value>
            </param>
          </params>
          <reporter-output>
          </reporter-output>
        </test-method> <!-- runScenario -->
        <test-method signature="runScenario(io.cucumber.testng.PickleWrapper,io.cucumber.testng.FeatureWrapper)[pri:0, instance:com.Runner.Runner@385e9564]" started-at="2025-04-14T08:49:17 IST" name="runScenario" description="Runs Cucumber Scenarios" data-provider="scenarios" finished-at="2025-04-14T08:49:45 IST" duration-ms="27812" status="PASS">
          <params>
            <param index="0">
              <value>
                <![CDATA["Delete a user account"]]>
              </value>
            </param>
            <param index="1">
              <value>
                <![CDATA["User Management functionality in OrangeHRM"]]>
              </value>
            </param>
          </params>
          <reporter-output>
          </reporter-output>
        </test-method> <!-- runScenario -->
        <test-method is-config="true" signature="tearDownClass()[pri:0, instance:com.Runner.Runner@385e9564]" started-at="2025-04-14T08:49:45 IST" name="tearDownClass" finished-at="2025-04-14T08:49:45 IST" duration-ms="9" status="PASS">
          <reporter-output>
          </reporter-output>
        </test-method> <!-- tearDownClass -->
      </class> <!-- com.Runner.Runner -->
    </test> <!-- Default test -->
  </suite> <!-- Default suite -->
</testng-results>
