<?xml version="1.0" encoding="UTF-8"?>
<testng-results ignored="0" total="1" passed="1" failed="0" skipped="0">
  <reporter-output>
  </reporter-output>
  <suite started-at="2025-05-05T19:42:54 IST" name="Default suite" finished-at="2025-05-05T19:43:22 IST" duration-ms="27971">
    <groups>
      <group name="cucumber">
        <method signature="AbstractTestNGCucumberTests.runScenario(io.cucumber.testng.PickleWrapper,io.cucumber.testng.FeatureWrapper)[pri:0, instance:com.Runner.Runner@17f7cd29]" name="runScenario" class="io.cucumber.testng.AbstractTestNGCucumberTests"/>
      </group> <!-- cucumber -->
    </groups>
    <test started-at="2025-05-05T19:42:54 IST" name="Default test" finished-at="2025-05-05T19:43:22 IST" duration-ms="27971">
      <class name="com.Runner.Runner">
        <test-method is-config="true" signature="setUpClass(org.testng.ITestContext)[pri:0, instance:com.Runner.Runner@17f7cd29]" started-at="2025-05-05T19:42:54 IST" name="setUpClass" finished-at="2025-05-05T19:42:54 IST" duration-ms="172" status="PASS">
          <params>
            <param index="0">
              <value>
                <![CDATA[org.testng.TestRunner@1a1da881]]>
              </value>
            </param>
          </params>
          <reporter-output>
          </reporter-output>
        </test-method> <!-- setUpClass -->
        <test-method signature="runScenario(io.cucumber.testng.PickleWrapper,io.cucumber.testng.FeatureWrapper)[pri:0, instance:com.Runner.Runner@17f7cd29]" started-at="2025-05-05T19:42:54 IST" name="runScenario" description="Runs Cucumber Scenarios" data-provider="scenarios" finished-at="2025-05-05T19:43:20 IST" duration-ms="25538" status="PASS">
          <params>
            <param index="0">
              <value>
                <![CDATA["Assign leave successfully to a valid employee"]]>
              </value>
            </param>
            <param index="1">
              <value>
                <![CDATA["Assign Leave to Employee in OrangeHRM"]]>
              </value>
            </param>
          </params>
          <reporter-output>
          </reporter-output>
        </test-method> <!-- runScenario -->
        <test-method is-config="true" signature="tearDownClass()[pri:0, instance:com.Runner.Runner@17f7cd29]" started-at="2025-05-05T19:43:20 IST" name="tearDownClass" finished-at="2025-05-05T19:43:22 IST" duration-ms="2189" status="PASS">
          <reporter-output>
          </reporter-output>
        </test-method> <!-- tearDownClass -->
      </class> <!-- com.Runner.Runner -->
    </test> <!-- Default test -->
  </suite> <!-- Default suite -->
</testng-results>
