<?xml version="1.0" encoding="UTF-8"?>
<testng-results ignored="0" total="2" passed="2" failed="0" skipped="0">
  <reporter-output>
  </reporter-output>
  <suite started-at="2025-04-28T16:55:36 IST" name="Default suite" finished-at="2025-04-28T16:56:15 IST" duration-ms="38784">
    <groups>
      <group name="cucumber">
        <method signature="AbstractTestNGCucumberTests.runScenario(io.cucumber.testng.PickleWrapper,io.cucumber.testng.FeatureWrapper)[pri:0, instance:com.Runner.Runner@17f7cd29]" name="runScenario" class="io.cucumber.testng.AbstractTestNGCucumberTests"/>
      </group> <!-- cucumber -->
    </groups>
    <test started-at="2025-04-28T16:55:36 IST" name="Default test" finished-at="2025-04-28T16:56:15 IST" duration-ms="38784">
      <class name="com.Runner.Runner">
        <test-method is-config="true" signature="setUpClass(org.testng.ITestContext)[pri:0, instance:com.Runner.Runner@17f7cd29]" started-at="2025-04-28T16:55:36 IST" name="setUpClass" finished-at="2025-04-28T16:55:37 IST" duration-ms="201" status="PASS">
          <params>
            <param index="0">
              <value>
                <![CDATA[org.testng.TestRunner@1dc76fa1]]>
              </value>
            </param>
          </params>
          <reporter-output>
          </reporter-output>
        </test-method> <!-- setUpClass -->
        <test-method signature="runScenario(io.cucumber.testng.PickleWrapper,io.cucumber.testng.FeatureWrapper)[pri:0, instance:com.Runner.Runner@17f7cd29]" started-at="2025-04-28T16:55:37 IST" name="runScenario" description="Runs Cucumber Scenarios" data-provider="scenarios" finished-at="2025-04-28T16:55:56 IST" duration-ms="19751" status="PASS">
          <params>
            <param index="0">
              <value>
                <![CDATA["Submit a new claim"]]>
              </value>
            </param>
            <param index="1">
              <value>
                <![CDATA["Claim feature"]]>
              </value>
            </param>
          </params>
          <reporter-output>
          </reporter-output>
        </test-method> <!-- runScenario -->
        <test-method signature="runScenario(io.cucumber.testng.PickleWrapper,io.cucumber.testng.FeatureWrapper)[pri:0, instance:com.Runner.Runner@17f7cd29]" started-at="2025-04-28T16:55:56 IST" name="runScenario" description="Runs Cucumber Scenarios" data-provider="scenarios" finished-at="2025-04-28T16:56:14 IST" duration-ms="18201" status="PASS">
          <params>
            <param index="0">
              <value>
                <![CDATA["Assign claim and validate expense"]]>
              </value>
            </param>
            <param index="1">
              <value>
                <![CDATA["Claim feature"]]>
              </value>
            </param>
          </params>
          <reporter-output>
          </reporter-output>
        </test-method> <!-- runScenario -->
        <test-method is-config="true" signature="tearDownClass()[pri:0, instance:com.Runner.Runner@17f7cd29]" started-at="2025-04-28T16:56:15 IST" name="tearDownClass" finished-at="2025-04-28T16:56:15 IST" duration-ms="574" status="PASS">
          <reporter-output>
          </reporter-output>
        </test-method> <!-- tearDownClass -->
      </class> <!-- com.Runner.Runner -->
    </test> <!-- Default test -->
  </suite> <!-- Default suite -->
</testng-results>
