<?xml version="1.0" encoding="UTF-8"?>
<testng-results ignored="0" total="11" passed="11" failed="0" skipped="0">
  <reporter-output>
  </reporter-output>
  <suite started-at="2025-05-04T19:22:41 IST" name="Default suite" finished-at="2025-05-04T19:24:29 IST" duration-ms="108286">
    <groups>
      <group name="cucumber">
        <method signature="AbstractTestNGCucumberTests.runScenario(io.cucumber.testng.PickleWrapper,io.cucumber.testng.FeatureWrapper)[pri:0, instance:com.Runner.Runner@510f3d34]" name="runScenario" class="io.cucumber.testng.AbstractTestNGCucumberTests"/>
      </group> <!-- cucumber -->
    </groups>
    <test started-at="2025-05-04T19:22:41 IST" name="Default test" finished-at="2025-05-04T19:24:29 IST" duration-ms="108286">
      <class name="com.Runner.Runner">
        <test-method is-config="true" signature="setUpClass(org.testng.ITestContext)[pri:0, instance:com.Runner.Runner@510f3d34]" started-at="2025-05-04T19:22:41 IST" name="setUpClass" finished-at="2025-05-04T19:22:41 IST" duration-ms="430" status="PASS">
          <params>
            <param index="0">
              <value>
                <![CDATA[org.testng.TestRunner@53e211ee]]>
              </value>
            </param>
          </params>
          <reporter-output>
          </reporter-output>
        </test-method> <!-- setUpClass -->
        <test-method signature="runScenario(io.cucumber.testng.PickleWrapper,io.cucumber.testng.FeatureWrapper)[pri:0, instance:com.Runner.Runner@510f3d34]" started-at="2025-05-04T19:22:41 IST" name="runScenario" description="Runs Cucumber Scenarios" data-provider="scenarios" finished-at="2025-05-04T19:24:10 IST" duration-ms="88834" status="PASS">
          <params>
            <param index="0">
              <value>
                <![CDATA["Login functionality with various credentials"]]>
              </value>
            </param>
            <param index="1">
              <value>
                <![CDATA["Karan_08APR2025_OrangeHRM_Login"]]>
              </value>
            </param>
          </params>
          <reporter-output>
          </reporter-output>
        </test-method> <!-- runScenario -->
        <test-method signature="runScenario(io.cucumber.testng.PickleWrapper,io.cucumber.testng.FeatureWrapper)[pri:0, instance:com.Runner.Runner@510f3d34]" started-at="2025-05-04T19:22:41 IST" name="runScenario" description="Runs Cucumber Scenarios" data-provider="scenarios" finished-at="2025-05-04T19:24:11 IST" duration-ms="90265" status="PASS">
          <params>
            <param index="0">
              <value>
                <![CDATA["Forgot Password functionality"]]>
              </value>
            </param>
            <param index="1">
              <value>
                <![CDATA["Karan_08APR2025_OrangeHRM_Login"]]>
              </value>
            </param>
          </params>
          <reporter-output>
          </reporter-output>
        </test-method> <!-- runScenario -->
        <test-method signature="runScenario(io.cucumber.testng.PickleWrapper,io.cucumber.testng.FeatureWrapper)[pri:0, instance:com.Runner.Runner@510f3d34]" started-at="2025-05-04T19:22:41 IST" name="runScenario" description="Runs Cucumber Scenarios" data-provider="scenarios" finished-at="2025-05-04T19:24:11 IST" duration-ms="90212" status="PASS">
          <params>
            <param index="0">
              <value>
                <![CDATA["QuickLaunch Assert"]]>
              </value>
            </param>
            <param index="1">
              <value>
                <![CDATA["Karan_08APR2025_OrangeHRM_Dashboard"]]>
              </value>
            </param>
          </params>
          <reporter-output>
          </reporter-output>
        </test-method> <!-- runScenario -->
        <test-method signature="runScenario(io.cucumber.testng.PickleWrapper,io.cucumber.testng.FeatureWrapper)[pri:0, instance:com.Runner.Runner@510f3d34]" started-at="2025-05-04T19:22:41 IST" name="runScenario" description="Runs Cucumber Scenarios" data-provider="scenarios" finished-at="2025-05-04T19:24:06 IST" duration-ms="84889" status="PASS">
          <params>
            <param index="0">
              <value>
                <![CDATA["Login functionality with various credentials"]]>
              </value>
            </param>
            <param index="1">
              <value>
                <![CDATA["Karan_08APR2025_OrangeHRM_Login"]]>
              </value>
            </param>
          </params>
          <reporter-output>
          </reporter-output>
        </test-method> <!-- runScenario -->
        <test-method signature="runScenario(io.cucumber.testng.PickleWrapper,io.cucumber.testng.FeatureWrapper)[pri:0, instance:com.Runner.Runner@510f3d34]" started-at="2025-05-04T19:22:41 IST" name="runScenario" description="Runs Cucumber Scenarios" data-provider="scenarios" finished-at="2025-05-04T19:24:28 IST" duration-ms="107233" status="PASS">
          <params>
            <param index="0">
              <value>
                <![CDATA["Time at Work"]]>
              </value>
            </param>
            <param index="1">
              <value>
                <![CDATA["Karan_08APR2025_OrangeHRM_Dashboard"]]>
              </value>
            </param>
          </params>
          <reporter-output>
          </reporter-output>
        </test-method> <!-- runScenario -->
        <test-method signature="runScenario(io.cucumber.testng.PickleWrapper,io.cucumber.testng.FeatureWrapper)[pri:0, instance:com.Runner.Runner@510f3d34]" started-at="2025-05-04T19:22:41 IST" name="runScenario" description="Runs Cucumber Scenarios" data-provider="scenarios" finished-at="2025-05-04T19:24:09 IST" duration-ms="88295" status="PASS">
          <params>
            <param index="0">
              <value>
                <![CDATA["Login functionality with various credentials"]]>
              </value>
            </param>
            <param index="1">
              <value>
                <![CDATA["Karan_08APR2025_OrangeHRM_Login"]]>
              </value>
            </param>
          </params>
          <reporter-output>
          </reporter-output>
        </test-method> <!-- runScenario -->
        <test-method signature="runScenario(io.cucumber.testng.PickleWrapper,io.cucumber.testng.FeatureWrapper)[pri:0, instance:com.Runner.Runner@510f3d34]" started-at="2025-05-04T19:22:41 IST" name="runScenario" description="Runs Cucumber Scenarios" data-provider="scenarios" finished-at="2025-05-04T19:24:11 IST" duration-ms="89684" status="PASS">
          <params>
            <param index="0">
              <value>
                <![CDATA["QuickLaunch Assert"]]>
              </value>
            </param>
            <param index="1">
              <value>
                <![CDATA["Karan_08APR2025_OrangeHRM_Dashboard"]]>
              </value>
            </param>
          </params>
          <reporter-output>
          </reporter-output>
        </test-method> <!-- runScenario -->
        <test-method signature="runScenario(io.cucumber.testng.PickleWrapper,io.cucumber.testng.FeatureWrapper)[pri:0, instance:com.Runner.Runner@510f3d34]" started-at="2025-05-04T19:22:41 IST" name="runScenario" description="Runs Cucumber Scenarios" data-provider="scenarios" finished-at="2025-05-04T19:24:12 IST" duration-ms="90680" status="PASS">
          <params>
            <param index="0">
              <value>
                <![CDATA["QuickLaunch Assert"]]>
              </value>
            </param>
            <param index="1">
              <value>
                <![CDATA["Karan_08APR2025_OrangeHRM_Dashboard"]]>
              </value>
            </param>
          </params>
          <reporter-output>
          </reporter-output>
        </test-method> <!-- runScenario -->
        <test-method signature="runScenario(io.cucumber.testng.PickleWrapper,io.cucumber.testng.FeatureWrapper)[pri:0, instance:com.Runner.Runner@510f3d34]" started-at="2025-05-04T19:22:41 IST" name="runScenario" description="Runs Cucumber Scenarios" data-provider="scenarios" finished-at="2025-05-04T19:24:12 IST" duration-ms="90974" status="PASS">
          <params>
            <param index="0">
              <value>
                <![CDATA["QuickLaunch Assert"]]>
              </value>
            </param>
            <param index="1">
              <value>
                <![CDATA["Karan_08APR2025_OrangeHRM_Dashboard"]]>
              </value>
            </param>
          </params>
          <reporter-output>
          </reporter-output>
        </test-method> <!-- runScenario -->
        <test-method signature="runScenario(io.cucumber.testng.PickleWrapper,io.cucumber.testng.FeatureWrapper)[pri:0, instance:com.Runner.Runner@510f3d34]" started-at="2025-05-04T19:22:41 IST" name="runScenario" description="Runs Cucumber Scenarios" data-provider="scenarios" finished-at="2025-05-04T19:24:08 IST" duration-ms="87179" status="PASS">
          <params>
            <param index="0">
              <value>
                <![CDATA["QuickLaunch Assert"]]>
              </value>
            </param>
            <param index="1">
              <value>
                <![CDATA["Karan_08APR2025_OrangeHRM_Dashboard"]]>
              </value>
            </param>
          </params>
          <reporter-output>
          </reporter-output>
        </test-method> <!-- runScenario -->
        <test-method signature="runScenario(io.cucumber.testng.PickleWrapper,io.cucumber.testng.FeatureWrapper)[pri:0, instance:com.Runner.Runner@510f3d34]" started-at="2025-05-04T19:24:06 IST" name="runScenario" description="Runs Cucumber Scenarios" data-provider="scenarios" finished-at="2025-05-04T19:24:23 IST" duration-ms="16990" status="PASS">
          <params>
            <param index="0">
              <value>
                <![CDATA["QuickLaunch Assert"]]>
              </value>
            </param>
            <param index="1">
              <value>
                <![CDATA["Karan_08APR2025_OrangeHRM_Dashboard"]]>
              </value>
            </param>
          </params>
          <reporter-output>
          </reporter-output>
        </test-method> <!-- runScenario -->
        <test-method is-config="true" signature="tearDownClass()[pri:0, instance:com.Runner.Runner@510f3d34]" started-at="2025-05-04T19:24:28 IST" name="tearDownClass" finished-at="2025-05-04T19:24:29 IST" duration-ms="550" status="PASS">
          <reporter-output>
          </reporter-output>
        </test-method> <!-- tearDownClass -->
      </class> <!-- com.Runner.Runner -->
    </test> <!-- Default test -->
  </suite> <!-- Default suite -->
</testng-results>
